<?xml version="1.0" encoding="UTF-8"?>
<!-- Generated by org.testng.reporters.JUnitXMLReporter -->
<testsuite ignored="2" hostname="DESKTOP-UC9CJ38" failures="1" tests="3" name="Test" time="22.393" errors="0" timestamp="2024-09-26T07:47:41 IST">
  <testcase classname="seleniumpractices.TestNgGroups" name="verifyDropDownOptions" time="0.158"/>
  <testcase classname="seleniumpractices.TestNgGroups" name="verifyTitle" time="0.028">
    <failure type="java.lang.AssertionError" message="The following asserts failed:
	expected [omayo (QAFox.com] but found [omayo (QAFox.com)]">
      <![CDATA[java.lang.AssertionError: The following asserts failed:
expected [omayo (QAFox.com] but found [omayo (QAFox.com)]
at seleniumpractices.TestNgGroups.verifyTitle(TestNgGroups.java:32)
at java.base/java.util.ArrayList.forEach(ArrayList.java:1511)
... Removed 29 stack frames]]>
    </failure>
  </testcase> <!-- verifyTitle -->
  <testcase classname="seleniumpractices.TestNgGroups" name="verifyUrl" time="0.025"/>
  <testcase classname="seleniumpractices.TestNgGroups" name="verifyBlueCheckBox" time="0.0">
    <ignored/>
  </testcase> <!-- verifyBlueCheckBox -->
  <testcase classname="seleniumpractices.TestNgGroups" name="verifyOrageCheckBox" time="0.0">
    <ignored/>
  </testcase> <!-- verifyOrageCheckBox -->
</testsuite> <!-- Test -->
